State Dict: stem.conv1.weight
stem.conv1.norm.running_mean
stem.conv1.norm.running_var
stem.conv1.norm.weight
stem.conv1.norm.bias
res2.0.conv1.weight
res2.0.conv1.norm.running_mean
res2.0.conv1.norm.running_var
res2.0.conv1.norm.weight
res2.0.conv1.norm.bias
res2.0.conv2.weight
res2.0.conv2.norm.running_mean
res2.0.conv2.norm.running_var
res2.0.conv2.norm.weight
res2.0.conv2.norm.bias
res2.0.conv3.weight
res2.0.conv3.norm.running_mean
res2.0.conv3.norm.running_var
res2.0.conv3.norm.weight
res2.0.conv3.norm.bias
res2.0.shortcut.weight
res2.0.shortcut.norm.running_mean
res2.0.shortcut.norm.running_var
res2.0.shortcut.norm.weight
res2.0.shortcut.norm.bias
res2.1.conv1.weight
res2.1.conv1.norm.running_mean
res2.1.conv1.norm.running_var
res2.1.conv1.norm.weight
res2.1.conv1.norm.bias
res2.1.conv2.weight
res2.1.conv2.norm.running_mean
res2.1.conv2.norm.running_var
res2.1.conv2.norm.weight
res2.1.conv2.norm.bias
res2.1.conv3.weight
res2.1.conv3.norm.running_mean
res2.1.conv3.norm.running_var
res2.1.conv3.norm.weight
res2.1.conv3.norm.bias
res2.2.conv1.weight
res2.2.conv1.norm.running_mean
res2.2.conv1.norm.running_var
res2.2.conv1.norm.weight
res2.2.conv1.norm.bias
res2.2.conv2.weight
res2.2.conv2.norm.running_mean
res2.2.conv2.norm.running_var
res2.2.conv2.norm.weight
res2.2.conv2.norm.bias
res2.2.conv3.weight
res2.2.conv3.norm.running_mean
res2.2.conv3.norm.running_var
res2.2.conv3.norm.weight
res2.2.conv3.norm.bias
res3.0.conv1.weight
res3.0.conv1.norm.running_mean
res3.0.conv1.norm.running_var
res3.0.conv1.norm.weight
res3.0.conv1.norm.bias
res3.0.conv2.weight
res3.0.conv2.norm.running_mean
res3.0.conv2.norm.running_var
res3.0.conv2.norm.weight
res3.0.conv2.norm.bias
res3.0.conv3.weight
res3.0.conv3.norm.running_mean
res3.0.conv3.norm.running_var
res3.0.conv3.norm.weight
res3.0.conv3.norm.bias
res3.0.shortcut.weight
res3.0.shortcut.norm.running_mean
res3.0.shortcut.norm.running_var
res3.0.shortcut.norm.weight
res3.0.shortcut.norm.bias
res3.1.conv1.weight
res3.1.conv1.norm.running_mean
res3.1.conv1.norm.running_var
res3.1.conv1.norm.weight
res3.1.conv1.norm.bias
res3.1.conv2.weight
res3.1.conv2.norm.running_mean
res3.1.conv2.norm.running_var
res3.1.conv2.norm.weight
res3.1.conv2.norm.bias
res3.1.conv3.weight
res3.1.conv3.norm.running_mean
res3.1.conv3.norm.running_var
res3.1.conv3.norm.weight
res3.1.conv3.norm.bias
res3.2.conv1.weight
res3.2.conv1.norm.running_mean
res3.2.conv1.norm.running_var
res3.2.conv1.norm.weight
res3.2.conv1.norm.bias
res3.2.conv2.weight
res3.2.conv2.norm.running_mean
res3.2.conv2.norm.running_var
res3.2.conv2.norm.weight
res3.2.conv2.norm.bias
res3.2.conv3.weight
res3.2.conv3.norm.running_mean
res3.2.conv3.norm.running_var
res3.2.conv3.norm.weight
res3.2.conv3.norm.bias
res3.3.conv1.weight
res3.3.conv1.norm.running_mean
res3.3.conv1.norm.running_var
res3.3.conv1.norm.weight
res3.3.conv1.norm.bias
res3.3.conv2.weight
res3.3.conv2.norm.running_mean
res3.3.conv2.norm.running_var
res3.3.conv2.norm.weight
res3.3.conv2.norm.bias
res3.3.conv3.weight
res3.3.conv3.norm.running_mean
res3.3.conv3.norm.running_var
res3.3.conv3.norm.weight
res3.3.conv3.norm.bias
res4.0.conv1.weight
res4.0.conv1.norm.running_mean
res4.0.conv1.norm.running_var
res4.0.conv1.norm.weight
res4.0.conv1.norm.bias
res4.0.conv2.weight
res4.0.conv2.norm.running_mean
res4.0.conv2.norm.running_var
res4.0.conv2.norm.weight
res4.0.conv2.norm.bias
res4.0.conv3.weight
res4.0.conv3.norm.running_mean
res4.0.conv3.norm.running_var
res4.0.conv3.norm.weight
res4.0.conv3.norm.bias
res4.0.shortcut.weight
res4.0.shortcut.norm.running_mean
res4.0.shortcut.norm.running_var
res4.0.shortcut.norm.weight
res4.0.shortcut.norm.bias
res4.1.conv1.weight
res4.1.conv1.norm.running_mean
res4.1.conv1.norm.running_var
res4.1.conv1.norm.weight
res4.1.conv1.norm.bias
res4.1.conv2.weight
res4.1.conv2.norm.running_mean
res4.1.conv2.norm.running_var
res4.1.conv2.norm.weight
res4.1.conv2.norm.bias
res4.1.conv3.weight
res4.1.conv3.norm.running_mean
res4.1.conv3.norm.running_var
res4.1.conv3.norm.weight
res4.1.conv3.norm.bias
res4.2.conv1.weight
res4.2.conv1.norm.running_mean
res4.2.conv1.norm.running_var
res4.2.conv1.norm.weight
res4.2.conv1.norm.bias
res4.2.conv2.weight
res4.2.conv2.norm.running_mean
res4.2.conv2.norm.running_var
res4.2.conv2.norm.weight
res4.2.conv2.norm.bias
res4.2.conv3.weight
res4.2.conv3.norm.running_mean
res4.2.conv3.norm.running_var
res4.2.conv3.norm.weight
res4.2.conv3.norm.bias
res4.3.conv1.weight
res4.3.conv1.norm.running_mean
res4.3.conv1.norm.running_var
res4.3.conv1.norm.weight
res4.3.conv1.norm.bias
res4.3.conv2.weight
res4.3.conv2.norm.running_mean
res4.3.conv2.norm.running_var
res4.3.conv2.norm.weight
res4.3.conv2.norm.bias
res4.3.conv3.weight
res4.3.conv3.norm.running_mean
res4.3.conv3.norm.running_var
res4.3.conv3.norm.weight
res4.3.conv3.norm.bias
res4.4.conv1.weight
res4.4.conv1.norm.running_mean
res4.4.conv1.norm.running_var
res4.4.conv1.norm.weight
res4.4.conv1.norm.bias
res4.4.conv2.weight
res4.4.conv2.norm.running_mean
res4.4.conv2.norm.running_var
res4.4.conv2.norm.weight
res4.4.conv2.norm.bias
res4.4.conv3.weight
res4.4.conv3.norm.running_mean
res4.4.conv3.norm.running_var
res4.4.conv3.norm.weight
res4.4.conv3.norm.bias
res4.5.conv1.weight
res4.5.conv1.norm.running_mean
res4.5.conv1.norm.running_var
res4.5.conv1.norm.weight
res4.5.conv1.norm.bias
res4.5.conv2.weight
res4.5.conv2.norm.running_mean
res4.5.conv2.norm.running_var
res4.5.conv2.norm.weight
res4.5.conv2.norm.bias
res4.5.conv3.weight
res4.5.conv3.norm.running_mean
res4.5.conv3.norm.running_var
res4.5.conv3.norm.weight
res4.5.conv3.norm.bias
res4.6.conv1.weight
res4.6.conv1.norm.running_mean
res4.6.conv1.norm.running_var
res4.6.conv1.norm.weight
res4.6.conv1.norm.bias
res4.6.conv2.weight
res4.6.conv2.norm.running_mean
res4.6.conv2.norm.running_var
res4.6.conv2.norm.weight
res4.6.conv2.norm.bias
res4.6.conv3.weight
res4.6.conv3.norm.running_mean
res4.6.conv3.norm.running_var
res4.6.conv3.norm.weight
res4.6.conv3.norm.bias
res4.7.conv1.weight
res4.7.conv1.norm.running_mean
res4.7.conv1.norm.running_var
res4.7.conv1.norm.weight
res4.7.conv1.norm.bias
res4.7.conv2.weight
res4.7.conv2.norm.running_mean
res4.7.conv2.norm.running_var
res4.7.conv2.norm.weight
res4.7.conv2.norm.bias
res4.7.conv3.weight
res4.7.conv3.norm.running_mean
res4.7.conv3.norm.running_var
res4.7.conv3.norm.weight
res4.7.conv3.norm.bias
res4.8.conv1.weight
res4.8.conv1.norm.running_mean
res4.8.conv1.norm.running_var
res4.8.conv1.norm.weight
res4.8.conv1.norm.bias
res4.8.conv2.weight
res4.8.conv2.norm.running_mean
res4.8.conv2.norm.running_var
res4.8.conv2.norm.weight
res4.8.conv2.norm.bias
res4.8.conv3.weight
res4.8.conv3.norm.running_mean
res4.8.conv3.norm.running_var
res4.8.conv3.norm.weight
res4.8.conv3.norm.bias
res4.9.conv1.weight
res4.9.conv1.norm.running_mean
res4.9.conv1.norm.running_var
res4.9.conv1.norm.weight
res4.9.conv1.norm.bias
res4.9.conv2.weight
res4.9.conv2.norm.running_mean
res4.9.conv2.norm.running_var
res4.9.conv2.norm.weight
res4.9.conv2.norm.bias
res4.9.conv3.weight
res4.9.conv3.norm.running_mean
res4.9.conv3.norm.running_var
res4.9.conv3.norm.weight
res4.9.conv3.norm.bias
res4.10.conv1.weight
res4.10.conv1.norm.running_mean
res4.10.conv1.norm.running_var
res4.10.conv1.norm.weight
res4.10.conv1.norm.bias
res4.10.conv2.weight
res4.10.conv2.norm.running_mean
res4.10.conv2.norm.running_var
res4.10.conv2.norm.weight
res4.10.conv2.norm.bias
res4.10.conv3.weight
res4.10.conv3.norm.running_mean
res4.10.conv3.norm.running_var
res4.10.conv3.norm.weight
res4.10.conv3.norm.bias
res4.11.conv1.weight
res4.11.conv1.norm.running_mean
res4.11.conv1.norm.running_var
res4.11.conv1.norm.weight
res4.11.conv1.norm.bias
res4.11.conv2.weight
res4.11.conv2.norm.running_mean
res4.11.conv2.norm.running_var
res4.11.conv2.norm.weight
res4.11.conv2.norm.bias
res4.11.conv3.weight
res4.11.conv3.norm.running_mean
res4.11.conv3.norm.running_var
res4.11.conv3.norm.weight
res4.11.conv3.norm.bias
res4.12.conv1.weight
res4.12.conv1.norm.running_mean
res4.12.conv1.norm.running_var
res4.12.conv1.norm.weight
res4.12.conv1.norm.bias
res4.12.conv2.weight
res4.12.conv2.norm.running_mean
res4.12.conv2.norm.running_var
res4.12.conv2.norm.weight
res4.12.conv2.norm.bias
res4.12.conv3.weight
res4.12.conv3.norm.running_mean
res4.12.conv3.norm.running_var
res4.12.conv3.norm.weight
res4.12.conv3.norm.bias
res4.13.conv1.weight
res4.13.conv1.norm.running_mean
res4.13.conv1.norm.running_var
res4.13.conv1.norm.weight
res4.13.conv1.norm.bias
res4.13.conv2.weight
res4.13.conv2.norm.running_mean
res4.13.conv2.norm.running_var
res4.13.conv2.norm.weight
res4.13.conv2.norm.bias
res4.13.conv3.weight
res4.13.conv3.norm.running_mean
res4.13.conv3.norm.running_var
res4.13.conv3.norm.weight
res4.13.conv3.norm.bias
res4.14.conv1.weight
res4.14.conv1.norm.running_mean
res4.14.conv1.norm.running_var
res4.14.conv1.norm.weight
res4.14.conv1.norm.bias
res4.14.conv2.weight
res4.14.conv2.norm.running_mean
res4.14.conv2.norm.running_var
res4.14.conv2.norm.weight
res4.14.conv2.norm.bias
res4.14.conv3.weight
res4.14.conv3.norm.running_mean
res4.14.conv3.norm.running_var
res4.14.conv3.norm.weight
res4.14.conv3.norm.bias
res4.15.conv1.weight
res4.15.conv1.norm.running_mean
res4.15.conv1.norm.running_var
res4.15.conv1.norm.weight
res4.15.conv1.norm.bias
res4.15.conv2.weight
res4.15.conv2.norm.running_mean
res4.15.conv2.norm.running_var
res4.15.conv2.norm.weight
res4.15.conv2.norm.bias
res4.15.conv3.weight
res4.15.conv3.norm.running_mean
res4.15.conv3.norm.running_var
res4.15.conv3.norm.weight
res4.15.conv3.norm.bias
res4.16.conv1.weight
res4.16.conv1.norm.running_mean
res4.16.conv1.norm.running_var
res4.16.conv1.norm.weight
res4.16.conv1.norm.bias
res4.16.conv2.weight
res4.16.conv2.norm.running_mean
res4.16.conv2.norm.running_var
res4.16.conv2.norm.weight
res4.16.conv2.norm.bias
res4.16.conv3.weight
res4.16.conv3.norm.running_mean
res4.16.conv3.norm.running_var
res4.16.conv3.norm.weight
res4.16.conv3.norm.bias
res4.17.conv1.weight
res4.17.conv1.norm.running_mean
res4.17.conv1.norm.running_var
res4.17.conv1.norm.weight
res4.17.conv1.norm.bias
res4.17.conv2.weight
res4.17.conv2.norm.running_mean
res4.17.conv2.norm.running_var
res4.17.conv2.norm.weight
res4.17.conv2.norm.bias
res4.17.conv3.weight
res4.17.conv3.norm.running_mean
res4.17.conv3.norm.running_var
res4.17.conv3.norm.weight
res4.17.conv3.norm.bias
res4.18.conv1.weight
res4.18.conv1.norm.running_mean
res4.18.conv1.norm.running_var
res4.18.conv1.norm.weight
res4.18.conv1.norm.bias
res4.18.conv2.weight
res4.18.conv2.norm.running_mean
res4.18.conv2.norm.running_var
res4.18.conv2.norm.weight
res4.18.conv2.norm.bias
res4.18.conv3.weight
res4.18.conv3.norm.running_mean
res4.18.conv3.norm.running_var
res4.18.conv3.norm.weight
res4.18.conv3.norm.bias
res4.19.conv1.weight
res4.19.conv1.norm.running_mean
res4.19.conv1.norm.running_var
res4.19.conv1.norm.weight
res4.19.conv1.norm.bias
res4.19.conv2.weight
res4.19.conv2.norm.running_mean
res4.19.conv2.norm.running_var
res4.19.conv2.norm.weight
res4.19.conv2.norm.bias
res4.19.conv3.weight
res4.19.conv3.norm.running_mean
res4.19.conv3.norm.running_var
res4.19.conv3.norm.weight
res4.19.conv3.norm.bias
res4.20.conv1.weight
res4.20.conv1.norm.running_mean
res4.20.conv1.norm.running_var
res4.20.conv1.norm.weight
res4.20.conv1.norm.bias
res4.20.conv2.weight
res4.20.conv2.norm.running_mean
res4.20.conv2.norm.running_var
res4.20.conv2.norm.weight
res4.20.conv2.norm.bias
res4.20.conv3.weight
res4.20.conv3.norm.running_mean
res4.20.conv3.norm.running_var
res4.20.conv3.norm.weight
res4.20.conv3.norm.bias
res4.21.conv1.weight
res4.21.conv1.norm.running_mean
res4.21.conv1.norm.running_var
res4.21.conv1.norm.weight
res4.21.conv1.norm.bias
res4.21.conv2.weight
res4.21.conv2.norm.running_mean
res4.21.conv2.norm.running_var
res4.21.conv2.norm.weight
res4.21.conv2.norm.bias
res4.21.conv3.weight
res4.21.conv3.norm.running_mean
res4.21.conv3.norm.running_var
res4.21.conv3.norm.weight
res4.21.conv3.norm.bias
res4.22.conv1.weight
res4.22.conv1.norm.running_mean
res4.22.conv1.norm.running_var
res4.22.conv1.norm.weight
res4.22.conv1.norm.bias
res4.22.conv2.weight
res4.22.conv2.norm.running_mean
res4.22.conv2.norm.running_var
res4.22.conv2.norm.weight
res4.22.conv2.norm.bias
res4.22.conv3.weight
res4.22.conv3.norm.running_mean
res4.22.conv3.norm.running_var
res4.22.conv3.norm.weight
res4.22.conv3.norm.bias
res5.0.conv1.weight
res5.0.conv1.norm.running_mean
res5.0.conv1.norm.running_var
res5.0.conv1.norm.weight
res5.0.conv1.norm.bias
res5.0.conv2.weight
res5.0.conv2.norm.running_mean
res5.0.conv2.norm.running_var
res5.0.conv2.norm.weight
res5.0.conv2.norm.bias
res5.0.conv3.weight
res5.0.conv3.norm.running_mean
res5.0.conv3.norm.running_var
res5.0.conv3.norm.weight
res5.0.conv3.norm.bias
res5.0.shortcut.weight
res5.0.shortcut.norm.running_mean
res5.0.shortcut.norm.running_var
res5.0.shortcut.norm.weight
res5.0.shortcut.norm.bias
res5.1.conv1.weight
res5.1.conv1.norm.running_mean
res5.1.conv1.norm.running_var
res5.1.conv1.norm.weight
res5.1.conv1.norm.bias
res5.1.conv2.weight
res5.1.conv2.norm.running_mean
res5.1.conv2.norm.running_var
res5.1.conv2.norm.weight
res5.1.conv2.norm.bias
res5.1.conv3.weight
res5.1.conv3.norm.running_mean
res5.1.conv3.norm.running_var
res5.1.conv3.norm.weight
res5.1.conv3.norm.bias
res5.2.conv1.weight
res5.2.conv1.norm.running_mean
res5.2.conv1.norm.running_var
res5.2.conv1.norm.weight
res5.2.conv1.norm.bias
res5.2.conv2.weight
res5.2.conv2.norm.running_mean
res5.2.conv2.norm.running_var
res5.2.conv2.norm.weight
res5.2.conv2.norm.bias
res5.2.conv3.weight
res5.2.conv3.norm.running_mean
res5.2.conv3.norm.running_var
res5.2.conv3.norm.weight
res5.2.conv3.norm.bias
stem.fc.weight
stem.fc.bias

